<?xml version="1.0" encoding="UTF-8"?>
<testsuite xmlns:xsi="http://www.w3.org/2001/XMLSchema-instance" xsi:noNamespaceSchemaLocation="https://maven.apache.org/surefire/maven-surefire-plugin/xsd/surefire-test-report.xsd" name="org.kurento.orion.connector.integration.test.OrionConnectorTest" time="1.934" tests="6" errors="0" skipped="0" failures="0">
  <properties>
    <property name="sun.desktop" value="gnome"/>
    <property name="awt.toolkit" value="sun.awt.X11.XToolkit"/>
    <property name="java.specification.version" value="11"/>
    <property name="sun.cpu.isalist" value=""/>
    <property name="sun.jnu.encoding" value="UTF-8"/>
    <property name="java.class.path" value="/home/ismael/Documentos/Java Projects/kurento/kurento-fiware/target/test-classes:/home/ismael/Documentos/Java Projects/kurento/kurento-fiware/target/classes:/home/ismael/.m2/repository/org/kurento/kurento-client/6.6.2/kurento-client-6.6.2.jar:/home/ismael/.m2/repository/org/kurento/kurento-jsonrpc-client/6.6.2/kurento-jsonrpc-client-6.6.2.jar:/home/ismael/.m2/repository/com/thoughtworks/paranamer/paranamer/2.8/paranamer-2.8.jar:/home/ismael/.m2/repository/javax/inject/javax.inject/1/javax.inject-1.jar:/home/ismael/.m2/repository/org/kurento/kurento-commons/6.6.2/kurento-commons-6.6.2.jar:/home/ismael/.m2/repository/com/google/code/gson/gson/2.5/gson-2.5.jar:/home/ismael/.m2/repository/com/google/guava/guava/19.0/guava-19.0.jar:/home/ismael/.m2/repository/org/apache/httpcomponents/httpclient/4.5.1/httpclient-4.5.1.jar:/home/ismael/.m2/repository/org/apache/httpcomponents/httpcore/4.4.4/httpcore-4.4.4.jar:/home/ismael/.m2/repository/commons-logging/commons-logging/1.1.3/commons-logging-1.1.3.jar:/home/ismael/.m2/repository/commons-codec/commons-codec/1.10/commons-codec-1.10.jar:/home/ismael/.m2/repository/org/apache/httpcomponents/fluent-hc/4.5.1/fluent-hc-4.5.1.jar:/home/ismael/.m2/repository/io/netty/netty-handler/4.1.5.Final/netty-handler-4.1.5.Final.jar:/home/ismael/.m2/repository/io/netty/netty-buffer/4.1.5.Final/netty-buffer-4.1.5.Final.jar:/home/ismael/.m2/repository/io/netty/netty-common/4.1.5.Final/netty-common-4.1.5.Final.jar:/home/ismael/.m2/repository/io/netty/netty-codec/4.1.5.Final/netty-codec-4.1.5.Final.jar:/home/ismael/.m2/repository/io/netty/netty-transport/4.1.5.Final/netty-transport-4.1.5.Final.jar:/home/ismael/.m2/repository/io/netty/netty-resolver/4.1.5.Final/netty-resolver-4.1.5.Final.jar:/home/ismael/.m2/repository/io/netty/netty-handler-proxy/4.1.5.Final/netty-handler-proxy-4.1.5.Final.jar:/home/ismael/.m2/repository/io/netty/netty-codec-socks/4.1.5.Final/netty-codec-socks-4.1.5.Final.jar:/home/ismael/.m2/repository/io/netty/netty-codec-http/4.1.5.Final/netty-codec-http-4.1.5.Final.jar:/home/ismael/.m2/repository/org/kurento/kms-api-core/6.6.0/kms-api-core-6.6.0.jar:/home/ismael/.m2/repository/org/kurento/kms-api-elements/6.6.0/kms-api-elements-6.6.0.jar:/home/ismael/.m2/repository/org/kurento/kms-api-filters/6.6.0/kms-api-filters-6.6.0.jar:/home/ismael/.m2/repository/org/slf4j/slf4j-api/1.7.25/slf4j-api-1.7.25.jar:/home/ismael/.m2/repository/org/slf4j/slf4j-simple/1.7.25/slf4j-simple-1.7.25.jar:/home/ismael/.m2/repository/org/junit/jupiter/junit-jupiter-api/5.0.0/junit-jupiter-api-5.0.0.jar:/home/ismael/.m2/repository/org/apiguardian/apiguardian-api/1.0.0/apiguardian-api-1.0.0.jar:/home/ismael/.m2/repository/org/opentest4j/opentest4j/1.0.0/opentest4j-1.0.0.jar:/home/ismael/.m2/repository/org/junit/platform/junit-platform-commons/1.0.0/junit-platform-commons-1.0.0.jar:/home/ismael/.m2/repository/org/junit/jupiter/junit-jupiter-engine/5.0.0/junit-jupiter-engine-5.0.0.jar:/home/ismael/.m2/repository/org/junit/platform/junit-platform-engine/1.0.0/junit-platform-engine-1.0.0.jar:/home/ismael/.m2/repository/commons-io/commons-io/2.6/commons-io-2.6.jar:/home/ismael/.m2/repository/javax/validation/validation-api/2.0.1.Final/validation-api-2.0.1.Final.jar:/home/ismael/.m2/repository/javax/annotation/javax.annotation-api/1.3.2/javax.annotation-api-1.3.2.jar:"/>
    <property name="java.vm.vendor" value="Ubuntu"/>
    <property name="sun.arch.data.model" value="64"/>
    <property name="java.vendor.url" value="https://ubuntu.com/"/>
    <property name="user.timezone" value=""/>
    <property name="java.vm.specification.version" value="11"/>
    <property name="os.name" value="Linux"/>
    <property name="sun.java.launcher" value="SUN_STANDARD"/>
    <property name="user.country" value="ES"/>
    <property name="sun.boot.library.path" value="/usr/lib/jvm/java-11-openjdk-amd64/lib"/>
    <property name="sun.java.command" value="/home/ismael/Documentos/Java Projects/kurento/kurento-fiware/target/surefire/surefirebooter8053373553468185184.jar /home/ismael/Documentos/Java Projects/kurento/kurento-fiware/target/surefire 2021-08-27T07-29-43_763-jvmRun1 surefire1534913693414404036tmp surefire_07097150961091594472tmp"/>
    <property name="jdk.debug" value="release"/>
    <property name="surefire.test.class.path" value="/home/ismael/Documentos/Java Projects/kurento/kurento-fiware/target/test-classes:/home/ismael/Documentos/Java Projects/kurento/kurento-fiware/target/classes:/home/ismael/.m2/repository/org/kurento/kurento-client/6.6.2/kurento-client-6.6.2.jar:/home/ismael/.m2/repository/org/kurento/kurento-jsonrpc-client/6.6.2/kurento-jsonrpc-client-6.6.2.jar:/home/ismael/.m2/repository/com/thoughtworks/paranamer/paranamer/2.8/paranamer-2.8.jar:/home/ismael/.m2/repository/javax/inject/javax.inject/1/javax.inject-1.jar:/home/ismael/.m2/repository/org/kurento/kurento-commons/6.6.2/kurento-commons-6.6.2.jar:/home/ismael/.m2/repository/com/google/code/gson/gson/2.5/gson-2.5.jar:/home/ismael/.m2/repository/com/google/guava/guava/19.0/guava-19.0.jar:/home/ismael/.m2/repository/org/apache/httpcomponents/httpclient/4.5.1/httpclient-4.5.1.jar:/home/ismael/.m2/repository/org/apache/httpcomponents/httpcore/4.4.4/httpcore-4.4.4.jar:/home/ismael/.m2/repository/commons-logging/commons-logging/1.1.3/commons-logging-1.1.3.jar:/home/ismael/.m2/repository/commons-codec/commons-codec/1.10/commons-codec-1.10.jar:/home/ismael/.m2/repository/org/apache/httpcomponents/fluent-hc/4.5.1/fluent-hc-4.5.1.jar:/home/ismael/.m2/repository/io/netty/netty-handler/4.1.5.Final/netty-handler-4.1.5.Final.jar:/home/ismael/.m2/repository/io/netty/netty-buffer/4.1.5.Final/netty-buffer-4.1.5.Final.jar:/home/ismael/.m2/repository/io/netty/netty-common/4.1.5.Final/netty-common-4.1.5.Final.jar:/home/ismael/.m2/repository/io/netty/netty-codec/4.1.5.Final/netty-codec-4.1.5.Final.jar:/home/ismael/.m2/repository/io/netty/netty-transport/4.1.5.Final/netty-transport-4.1.5.Final.jar:/home/ismael/.m2/repository/io/netty/netty-resolver/4.1.5.Final/netty-resolver-4.1.5.Final.jar:/home/ismael/.m2/repository/io/netty/netty-handler-proxy/4.1.5.Final/netty-handler-proxy-4.1.5.Final.jar:/home/ismael/.m2/repository/io/netty/netty-codec-socks/4.1.5.Final/netty-codec-socks-4.1.5.Final.jar:/home/ismael/.m2/repository/io/netty/netty-codec-http/4.1.5.Final/netty-codec-http-4.1.5.Final.jar:/home/ismael/.m2/repository/org/kurento/kms-api-core/6.6.0/kms-api-core-6.6.0.jar:/home/ismael/.m2/repository/org/kurento/kms-api-elements/6.6.0/kms-api-elements-6.6.0.jar:/home/ismael/.m2/repository/org/kurento/kms-api-filters/6.6.0/kms-api-filters-6.6.0.jar:/home/ismael/.m2/repository/org/slf4j/slf4j-api/1.7.25/slf4j-api-1.7.25.jar:/home/ismael/.m2/repository/org/slf4j/slf4j-simple/1.7.25/slf4j-simple-1.7.25.jar:/home/ismael/.m2/repository/org/junit/jupiter/junit-jupiter-api/5.0.0/junit-jupiter-api-5.0.0.jar:/home/ismael/.m2/repository/org/apiguardian/apiguardian-api/1.0.0/apiguardian-api-1.0.0.jar:/home/ismael/.m2/repository/org/opentest4j/opentest4j/1.0.0/opentest4j-1.0.0.jar:/home/ismael/.m2/repository/org/junit/platform/junit-platform-commons/1.0.0/junit-platform-commons-1.0.0.jar:/home/ismael/.m2/repository/org/junit/jupiter/junit-jupiter-engine/5.0.0/junit-jupiter-engine-5.0.0.jar:/home/ismael/.m2/repository/org/junit/platform/junit-platform-engine/1.0.0/junit-platform-engine-1.0.0.jar:/home/ismael/.m2/repository/commons-io/commons-io/2.6/commons-io-2.6.jar:/home/ismael/.m2/repository/javax/validation/validation-api/2.0.1.Final/validation-api-2.0.1.Final.jar:/home/ismael/.m2/repository/javax/annotation/javax.annotation-api/1.3.2/javax.annotation-api-1.3.2.jar:"/>
    <property name="sun.cpu.endian" value="little"/>
    <property name="user.home" value="/home/ismael"/>
    <property name="user.language" value="es"/>
    <property name="java.specification.vendor" value="Oracle Corporation"/>
    <property name="java.version.date" value="2021-04-20"/>
    <property name="java.home" value="/usr/lib/jvm/java-11-openjdk-amd64"/>
    <property name="file.separator" value="/"/>
    <property name="basedir" value="/home/ismael/Documentos/Java Projects/kurento/kurento-fiware"/>
    <property name="java.vm.compressedOopsMode" value="32-bit"/>
    <property name="line.separator" value="&#10;"/>
    <property name="java.specification.name" value="Java Platform API Specification"/>
    <property name="java.vm.specification.vendor" value="Oracle Corporation"/>
    <property name="java.awt.graphicsenv" value="sun.awt.X11GraphicsEnvironment"/>
    <property name="surefire.real.class.path" value="/home/ismael/Documentos/Java Projects/kurento/kurento-fiware/target/surefire/surefirebooter8053373553468185184.jar"/>
    <property name="sun.management.compiler" value="HotSpot 64-Bit Tiered Compilers"/>
    <property name="java.runtime.version" value="11.0.11+9-Ubuntu-0ubuntu2.18.04"/>
    <property name="user.name" value="ismael"/>
    <property name="path.separator" value=":"/>
    <property name="os.version" value="5.4.0-81-generic"/>
    <property name="java.runtime.name" value="OpenJDK Runtime Environment"/>
    <property name="file.encoding" value="UTF-8"/>
    <property name="java.vm.name" value="OpenJDK 64-Bit Server VM"/>
    <property name="localRepository" value="/home/ismael/.m2/repository"/>
    <property name="java.vendor.url.bug" value="https://bugs.launchpad.net/ubuntu/+source/openjdk-lts"/>
    <property name="java.io.tmpdir" value="/home/ismael/Documentos/Java Projects/kurento/kurento-fiware/target"/>
    <property name="java.version" value="11.0.11"/>
    <property name="user.dir" value="/home/ismael/Documentos/Java Projects/kurento/kurento-fiware"/>
    <property name="os.arch" value="amd64"/>
    <property name="java.vm.specification.name" value="Java Virtual Machine Specification"/>
    <property name="java.awt.printerjob" value="sun.print.PSPrinterJob"/>
    <property name="sun.os.patch.level" value="unknown"/>
    <property name="java.library.path" value="/usr/java/packages/lib:/usr/lib/x86_64-linux-gnu/jni:/lib/x86_64-linux-gnu:/usr/lib/x86_64-linux-gnu:/usr/lib/jni:/lib:/usr/lib"/>
    <property name="java.vm.info" value="mixed mode, sharing"/>
    <property name="java.vendor" value="Ubuntu"/>
    <property name="java.vm.version" value="11.0.11+9-Ubuntu-0ubuntu2.18.04"/>
    <property name="sun.io.unicode.encoding" value="UnicodeLittle"/>
    <property name="java.class.version" value="55.0"/>
  </properties>
  <testcase name="testConnectionAndEntities" classname="org.kurento.orion.connector.integration.test.OrionConnectorTest" time="0.676"/>
  <testcase name="testCountEntities" classname="org.kurento.orion.connector.integration.test.OrionConnectorTest" time="0.007"/>
  <testcase name="testUpdateEntity" classname="org.kurento.orion.connector.integration.test.OrionConnectorTest" time="0.901"/>
  <testcase name="testDeleteEntity" classname="org.kurento.orion.connector.integration.test.OrionConnectorTest" time="0.026"/>
  <testcase name="testCreateNewEntityAndEntityList" classname="org.kurento.orion.connector.integration.test.OrionConnectorTest" time="0.015"/>
  <testcase name="testCreateNewEntityAndRetrieveEntity" classname="org.kurento.orion.connector.integration.test.OrionConnectorTest" time="0.007"/>
</testsuite>